<?xml version="1.0" encoding="UTF-8"?>
<!-- Generated by org.testng.reporters.JUnitXMLReporter -->
<testsuite ignored="0" hostname="electra" failures="1" tests="3" name="Test" time="22.076" errors="0" timestamp="19 Jul 2019 17:33:05 GMT">
  <testcase classname="com.wallethub.assignments.testcases.UpdateStatus" name="Status" time="17.265"/>
  <testcase classname="com.wallethub.assignments.testcases.UpdateStatus" name="data" time="0.113">
    <failure type="org.apache.poi.EmptyFileException" message="The supplied file was empty (zero bytes long)">
      <![CDATA[org.apache.poi.EmptyFileException: The supplied file was empty (zero bytes long)
at org.apache.poi.util.IOUtils.peekFirstNBytes(IOUtils.java:74)
at org.apache.poi.util.IOUtils.peekFirst8Bytes(IOUtils.java:57)
at org.apache.poi.poifs.filesystem.FileMagic.valueOf(FileMagic.java:135)
at org.apache.poi.openxml4j.opc.internal.ZipHelper.verifyZipHeader(ZipHelper.java:175)
at org.apache.poi.openxml4j.opc.internal.ZipHelper.openZipStream(ZipHelper.java:209)
at org.apache.poi.openxml4j.opc.ZipPackage.<init>(ZipPackage.java:98)
at org.apache.poi.openxml4j.opc.OPCPackage.open(OPCPackage.java:324)
at org.apache.poi.util.PackageHelper.open(PackageHelper.java:37)
at org.apache.poi.xssf.usermodel.XSSFWorkbook.<init>(XSSFWorkbook.java:295)
at com.wallethub.assignments.testcases.UpdateStatus.data(UpdateStatus.java:54)
... Removed 29 stack frames]]>
    </failure>
  </testcase> <!-- data -->
  <testcase classname="com.wallethub.assignments.testcases.UpdateStatus" name="Hello" time="0.0"/>
</testsuite> <!-- Test -->
