<?xml version="1.0" encoding="UTF-8"?>
<testng-results ignored="0" total="2" passed="2" failed="0" skipped="0">
  <reporter-output>
  </reporter-output>
  <suite started-at="2019-07-19T11:02:11Z" name="Default suite" finished-at="2019-07-19T11:02:34Z" duration-ms="23471">
    <groups>
    </groups>
    <test started-at="2019-07-19T11:02:11Z" name="Default test" finished-at="2019-07-19T11:02:34Z" duration-ms="23471">
      <class name="com.wallethub.assignments.testcases.UpdateStatus">
        <test-method is-config="true" signature="setup()[pri:0, instance:com.wallethub.assignments.testcases.UpdateStatus@31f9b85e]" started-at="2019-07-19T11:02:11Z" name="setup" finished-at="2019-07-19T11:02:16Z" duration-ms="4968" status="PASS">
          <reporter-output>
          </reporter-output>
        </test-method> <!-- setup -->
        <test-method signature="Status()[pri:0, instance:com.wallethub.assignments.testcases.UpdateStatus@31f9b85e]" started-at="2019-07-19T11:02:16Z" name="Status" finished-at="2019-07-19T11:02:34Z" duration-ms="18458" status="PASS">
          <reporter-output>
          </reporter-output>
        </test-method> <!-- Status -->
        <test-method signature="Hello()[pri:1, instance:com.wallethub.assignments.testcases.UpdateStatus@31f9b85e]" started-at="2019-07-19T11:02:34Z" name="Hello" finished-at="2019-07-19T11:02:34Z" duration-ms="2" status="PASS">
          <reporter-output>
          </reporter-output>
        </test-method> <!-- Hello -->
      </class> <!-- com.wallethub.assignments.testcases.UpdateStatus -->
    </test> <!-- Default test -->
  </suite> <!-- Default suite -->
</testng-results>
